RUNNING: "python -m dask_cuda.cli.dask_cuda_worker --rmm-pool-size=28G
             --local-directory=/tmp/
             --scheduler-file=/root/cugraph/python/cugraph-pyg/cugraph_pyg/examples/scheduler.json
             --memory-limit=auto
             --device-memory-limit=auto
            "
2023-04-04 14:54:22,076 - distributed.nanny - INFO -         Start Nanny at: 'tcp://10.120.104.11:42117'
2023-04-04 14:54:22,079 - distributed.nanny - INFO -         Start Nanny at: 'tcp://10.120.104.11:35151'
2023-04-04 14:54:23,274 - distributed.preloading - INFO - Creating preload: dask_cuda.initialize
2023-04-04 14:54:23,274 - distributed.preloading - INFO - Import preload module: dask_cuda.initialize
2023-04-04 14:54:23,276 - distributed.preloading - INFO - Creating preload: dask_cuda.initialize
2023-04-04 14:54:23,276 - distributed.preloading - INFO - Import preload module: dask_cuda.initialize
2023-04-04 14:54:23,554 - distributed.preloading - INFO - Run preload setup: dask_cuda.initialize
2023-04-04 14:54:23,557 - distributed.preloading - INFO - Run preload setup: dask_cuda.initialize
2023-04-04 14:54:24,661 - distributed.worker - INFO -       Start worker at:  tcp://10.120.104.11:34287
2023-04-04 14:54:24,662 - distributed.worker - INFO -          Listening to:  tcp://10.120.104.11:34287
2023-04-04 14:54:24,662 - distributed.worker - INFO -          dashboard at:        10.120.104.11:35169
2023-04-04 14:54:24,662 - distributed.worker - INFO - Waiting to connect to:   tcp://10.120.104.11:8786
2023-04-04 14:54:24,662 - distributed.worker - INFO - -------------------------------------------------
2023-04-04 14:54:24,662 - distributed.worker - INFO -               Threads:                          1
2023-04-04 14:54:24,662 - distributed.worker - INFO -                Memory:                 755.28 GiB
2023-04-04 14:54:24,662 - distributed.worker - INFO -       Local Directory: /tmp/dask-worker-space/worker-x1oysjpf
2023-04-04 14:54:24,663 - distributed.worker - INFO - Starting Worker plugin CPUAffinity-0a26076e-a8ab-47ad-a506-7cf5821dffb9
2023-04-04 14:54:24,663 - distributed.worker - INFO - Starting Worker plugin RMMSetup-3000ee52-8230-44c6-ad16-06c1cc211c84
2023-04-04 14:54:24,664 - distributed.worker - INFO -       Start worker at:  tcp://10.120.104.11:36273
2023-04-04 14:54:24,664 - distributed.worker - INFO -          Listening to:  tcp://10.120.104.11:36273
2023-04-04 14:54:24,664 - distributed.worker - INFO -          dashboard at:        10.120.104.11:43051
2023-04-04 14:54:24,665 - distributed.worker - INFO - Waiting to connect to:   tcp://10.120.104.11:8786
2023-04-04 14:54:24,665 - distributed.worker - INFO - -------------------------------------------------
2023-04-04 14:54:24,665 - distributed.worker - INFO -               Threads:                          1
2023-04-04 14:54:24,665 - distributed.worker - INFO -                Memory:                 755.28 GiB
2023-04-04 14:54:24,665 - distributed.worker - INFO -       Local Directory: /tmp/dask-worker-space/worker-us7jbm0o
2023-04-04 14:54:24,666 - distributed.worker - INFO - Starting Worker plugin RMMSetup-50a8a184-a6d8-4bd5-a580-52b2932942a8
2023-04-04 14:54:24,827 - distributed.worker - INFO - Starting Worker plugin PreImport-d9404934-0ce6-4b37-b476-e6fdda9e1641
2023-04-04 14:54:24,827 - distributed.worker - INFO - Starting Worker plugin CPUAffinity-d085a5de-364b-4d27-8302-e18889121264
2023-04-04 14:54:24,828 - distributed.worker - INFO - Starting Worker plugin PreImport-9591ac12-a74b-4a51-8012-047b225a9903
2023-04-04 14:54:24,828 - distributed.worker - INFO - -------------------------------------------------
2023-04-04 14:54:24,828 - distributed.worker - INFO - -------------------------------------------------
2023-04-04 14:54:24,839 - distributed.worker - INFO -         Registered to:   tcp://10.120.104.11:8786
2023-04-04 14:54:24,839 - distributed.worker - INFO - -------------------------------------------------
2023-04-04 14:54:24,840 - distributed.worker - INFO -         Registered to:   tcp://10.120.104.11:8786
2023-04-04 14:54:24,840 - distributed.worker - INFO - -------------------------------------------------
2023-04-04 14:54:24,841 - distributed.core - INFO - Starting established connection to tcp://10.120.104.11:8786
2023-04-04 14:54:24,842 - distributed.core - INFO - Starting established connection to tcp://10.120.104.11:8786
2023-04-04 14:54:40,303 - distributed.worker - INFO - Run out-of-band function '_func_ucp_listener_port'
2023-04-04 14:54:40,303 - distributed.worker - INFO - Run out-of-band function '_func_ucp_listener_port'
2023-04-04 14:54:41,091 - distributed.worker - INFO - Run out-of-band function '_func_init_all'
2023-04-04 14:54:41,091 - distributed.worker - INFO - Run out-of-band function '_func_init_all'
2023-04-04 14:54:41,742 - distributed.worker - INFO - Run out-of-band function '_func_ucp_listener_port'
2023-04-04 14:54:41,764 - distributed.worker - INFO - Run out-of-band function '_func_ucp_listener_port'
2023-04-04 14:54:41,772 - distributed.worker - INFO - Run out-of-band function '_func_init_all'
2023-04-04 14:54:41,772 - distributed.worker - INFO - Run out-of-band function '_func_init_all'
2023-04-04 14:54:50,113 - distributed.worker - INFO - Run out-of-band function '_subcomm_init'
2023-04-04 14:54:50,116 - distributed.worker - INFO - Run out-of-band function '_subcomm_init'
2023-04-04 14:54:56,943 - distributed.core - INFO - Event loop was unresponsive in Worker for 14.95s.  This is often caused by long-running GIL-holding functions or moving large chunks of data. This can cause timeouts and instability.
2023-04-04 14:54:56,943 - distributed.core - INFO - Event loop was unresponsive in Worker for 14.95s.  This is often caused by long-running GIL-holding functions or moving large chunks of data. This can cause timeouts and instability.
2023-04-04 14:54:56,949 - distributed.worker - INFO - Run out-of-band function '_subcomm_init'
2023-04-04 14:54:56,949 - distributed.worker - INFO - Run out-of-band function '_subcomm_init'
2023-04-04 14:55:08,049 - distributed.worker - INFO - Run out-of-band function '_func_ucp_listener_port'
2023-04-04 14:55:08,051 - distributed.worker - INFO - Run out-of-band function '_func_ucp_listener_port'
2023-04-04 14:55:08,610 - distributed.worker - INFO - Run out-of-band function '_func_ucp_listener_port'
2023-04-04 14:55:08,611 - distributed.worker - INFO - Run out-of-band function '_func_ucp_listener_port'
2023-04-04 14:55:12,735 - distributed.worker - INFO - Run out-of-band function '_func_ucp_listener_port'
2023-04-04 14:55:12,736 - distributed.worker - INFO - Run out-of-band function '_func_ucp_listener_port'
2023-04-04 14:55:14,832 - distributed.worker - INFO - Run out-of-band function '_func_ucp_listener_port'
2023-04-04 14:55:14,835 - distributed.worker - INFO - Run out-of-band function '_func_ucp_listener_port'
2023-04-04 14:55:20,297 - distributed.worker - INFO - Run out-of-band function '_func_ucp_listener_port'
2023-04-04 14:55:20,297 - distributed.worker - INFO - Run out-of-band function '_func_ucp_listener_port'
2023-04-04 14:55:22,365 - distributed.worker - INFO - Run out-of-band function '_func_ucp_listener_port'
2023-04-04 14:55:22,366 - distributed.worker - INFO - Run out-of-band function '_func_ucp_listener_port'
2023-04-04 14:55:27,689 - distributed.worker - INFO - Run out-of-band function '_func_ucp_listener_port'
2023-04-04 14:55:27,689 - distributed.worker - INFO - Run out-of-band function '_func_ucp_listener_port'
2023-04-04 14:55:29,738 - distributed.worker - INFO - Run out-of-band function '_func_ucp_listener_port'
2023-04-04 14:55:29,738 - distributed.worker - INFO - Run out-of-band function '_func_ucp_listener_port'
2023-04-04 14:55:35,129 - distributed.worker - INFO - Run out-of-band function '_func_ucp_listener_port'
2023-04-04 14:55:35,129 - distributed.worker - INFO - Run out-of-band function '_func_ucp_listener_port'
2023-04-04 14:55:36,825 - distributed.worker - INFO - Run out-of-band function '_func_ucp_listener_port'
2023-04-04 14:55:36,826 - distributed.worker - INFO - Run out-of-band function '_func_ucp_listener_port'
2023-04-04 14:55:43,166 - distributed.worker - INFO - Run out-of-band function '_func_ucp_listener_port'
2023-04-04 14:55:43,166 - distributed.worker - INFO - Run out-of-band function '_func_ucp_listener_port'
2023-04-04 14:55:43,417 - distributed.worker - INFO - Run out-of-band function '_func_ucp_listener_port'
2023-04-04 14:55:43,420 - distributed.worker - INFO - Run out-of-band function '_func_ucp_listener_port'
2023-04-04 14:55:50,560 - distributed.worker - INFO - Run out-of-band function '_func_ucp_listener_port'
2023-04-04 14:55:50,560 - distributed.worker - INFO - Run out-of-band function '_func_ucp_listener_port'
2023-04-04 14:55:52,481 - distributed.worker - INFO - Run out-of-band function '_func_ucp_listener_port'
2023-04-04 14:55:52,482 - distributed.worker - INFO - Run out-of-band function '_func_ucp_listener_port'
2023-04-04 14:55:57,892 - distributed.worker - INFO - Run out-of-band function '_func_ucp_listener_port'
2023-04-04 14:55:57,892 - distributed.worker - INFO - Run out-of-band function '_func_ucp_listener_port'
2023-04-04 14:55:58,927 - distributed.worker - INFO - Run out-of-band function '_func_ucp_listener_port'
2023-04-04 14:55:58,928 - distributed.worker - INFO - Run out-of-band function '_func_ucp_listener_port'
2023-04-04 14:56:03,568 - distributed.worker - INFO - Run out-of-band function '_func_ucp_listener_port'
2023-04-04 14:56:03,568 - distributed.worker - INFO - Run out-of-band function '_func_ucp_listener_port'
2023-04-04 15:02:35,373 - distributed.nanny - INFO - Closing Nanny at 'tcp://10.120.104.11:42117'. Reason: nanny-close
2023-04-04 15:02:35,373 - distributed.nanny - INFO - Nanny asking worker to close. Reason: nanny-close
2023-04-04 15:02:35,373 - distributed.worker - INFO - Stopping worker at tcp://10.120.104.11:36273. Reason: worker-handle-scheduler-connection-broken
2023-04-04 15:02:35,373 - distributed.worker - INFO - Stopping worker at tcp://10.120.104.11:34287. Reason: worker-handle-scheduler-connection-broken
2023-04-04 15:02:35,374 - distributed.nanny - INFO - Closing Nanny at 'tcp://10.120.104.11:35151'. Reason: nanny-close
2023-04-04 15:02:35,375 - distributed.nanny - INFO - Nanny asking worker to close. Reason: nanny-close
2023-04-04 15:02:38,577 - distributed.nanny - WARNING - Worker process still alive after 3.1999960327148442 seconds, killing
2023-04-04 15:02:38,577 - distributed.nanny - WARNING - Worker process still alive after 3.199999389648438 seconds, killing
2023-04-04 15:02:39,622 - distributed.nanny - INFO - Worker process 1332906 was killed by signal 9
2023-04-04 15:02:39,627 - distributed.nanny - ERROR - Error in Nanny killing Worker subprocess
Traceback (most recent call last):
  File "/opt/conda/envs/rapids/lib/python3.10/asyncio/tasks.py", line 456, in wait_for
    return fut.result()
asyncio.exceptions.CancelledError

The above exception was the direct cause of the following exception:

Traceback (most recent call last):
  File "/opt/conda/envs/rapids/lib/python3.10/site-packages/distributed/nanny.py", line 607, in close
    await self.kill(timeout=timeout, reason=reason)
  File "/opt/conda/envs/rapids/lib/python3.10/site-packages/distributed/nanny.py", line 390, in kill
    await self.process.kill(reason=reason, timeout=0.8 * (deadline - time()))
  File "/opt/conda/envs/rapids/lib/python3.10/site-packages/distributed/nanny.py", line 844, in kill
    await process.join(max(0, deadline - time()))
  File "/opt/conda/envs/rapids/lib/python3.10/site-packages/distributed/process.py", line 330, in join
    await wait_for(asyncio.shield(self._exit_future), timeout)
  File "/opt/conda/envs/rapids/lib/python3.10/site-packages/distributed/utils.py", line 1849, in wait_for
    return await asyncio.wait_for(fut, timeout)
  File "/opt/conda/envs/rapids/lib/python3.10/asyncio/tasks.py", line 458, in wait_for
    raise exceptions.TimeoutError() from exc
asyncio.exceptions.TimeoutError
2023-04-04 15:02:39,629 - distributed.process - INFO - reaping stray process <SpawnProcess name='Dask Worker process (from Nanny)' pid=1332909 parent=1332877 started daemon>
2023-04-04 15:02:39,982 - distributed.process - WARNING - [<AsyncProcess Dask Worker process (from Nanny)>] process 1332909 exit status was already read will report exitcode 255
