RUNNING: "python -m distributed.cli.dask_scheduler --protocol=tcp
                    --scheduler-file /root/cugraph/python/cugraph-pyg/cugraph_pyg/examples/scheduler.json
                "
/opt/conda/envs/rapids/lib/python3.10/site-packages/distributed/cli/dask_scheduler.py:140: FutureWarning: dask-scheduler is deprecated and will be removed in a future release; use `dask scheduler` instead
  warnings.warn(
2023-04-04 17:53:26,958 - distributed.scheduler - INFO - -----------------------------------------------
2023-04-04 17:53:27,647 - distributed.scheduler - INFO - State start
2023-04-04 17:53:27,661 - distributed.scheduler - INFO - -----------------------------------------------
2023-04-04 17:53:27,662 - distributed.scheduler - INFO -   Scheduler at:  tcp://10.120.104.11:8786
2023-04-04 17:53:27,662 - distributed.scheduler - INFO -   dashboard at:  http://10.120.104.11:8787/status
2023-04-04 17:53:36,784 - distributed.scheduler - INFO - Register worker <WorkerState 'tcp://10.120.104.11:38343', status: init, memory: 0, processing: 0>
2023-04-04 17:53:36,786 - distributed.scheduler - INFO - Starting worker compute stream, tcp://10.120.104.11:38343
2023-04-04 17:53:36,786 - distributed.core - INFO - Starting established connection to tcp://10.120.104.11:44592
2023-04-04 17:53:36,793 - distributed.scheduler - INFO - Register worker <WorkerState 'tcp://10.120.104.11:36499', status: init, memory: 0, processing: 0>
2023-04-04 17:53:36,794 - distributed.scheduler - INFO - Starting worker compute stream, tcp://10.120.104.11:36499
2023-04-04 17:53:36,794 - distributed.core - INFO - Starting established connection to tcp://10.120.104.11:44602
2023-04-04 17:53:56,853 - distributed.scheduler - INFO - Receive client connection: Client-abcac318-d311-11ed-b443-5cff35c1a711
2023-04-04 17:53:56,854 - distributed.core - INFO - Starting established connection to tcp://10.120.104.11:43818
2023-04-04 17:53:57,092 - distributed.worker - INFO - Run out-of-band function '_func_set_scheduler_as_nccl_root'
2023-04-04 17:53:57,682 - distributed.scheduler - INFO - Receive client connection: Client-abd30256-d311-11ed-b444-5cff35c1a711
2023-04-04 17:53:57,683 - distributed.core - INFO - Starting established connection to tcp://10.120.104.11:43832
2023-04-04 17:53:58,351 - distributed.worker - INFO - Run out-of-band function '_func_set_scheduler_as_nccl_root'
2023-04-04 17:54:44,484 - distributed.scheduler - INFO - Remove client Client-abd30256-d311-11ed-b444-5cff35c1a711
2023-04-04 17:54:44,484 - distributed.core - INFO - Received 'close-stream' from tcp://10.120.104.11:43832; closing.
2023-04-04 17:54:44,484 - distributed.scheduler - INFO - Remove client Client-abd30256-d311-11ed-b444-5cff35c1a711
2023-04-04 17:54:44,484 - distributed.scheduler - INFO - Close client connection: Client-abd30256-d311-11ed-b444-5cff35c1a711
2023-04-04 17:54:44,486 - distributed.scheduler - INFO - Remove client Client-abcac318-d311-11ed-b443-5cff35c1a711
2023-04-04 17:54:44,486 - distributed.core - INFO - Received 'close-stream' from tcp://10.120.104.11:43818; closing.
2023-04-04 17:54:44,487 - distributed.scheduler - INFO - Remove client Client-abcac318-d311-11ed-b443-5cff35c1a711
2023-04-04 17:54:44,487 - distributed.scheduler - INFO - Close client connection: Client-abcac318-d311-11ed-b443-5cff35c1a711
2023-04-04 17:57:59,487 - distributed._signals - INFO - Received signal SIGINT (2)
2023-04-04 17:57:59,488 - distributed.core - INFO - Connection to tcp://10.120.104.11:44602 has been closed.
2023-04-04 17:57:59,488 - distributed.scheduler - INFO - Remove worker <WorkerState 'tcp://10.120.104.11:36499', status: running, memory: 0, processing: 0>
2023-04-04 17:57:59,488 - distributed.core - INFO - Removing comms to tcp://10.120.104.11:36499
2023-04-04 17:57:59,489 - distributed.scheduler - INFO - Scheduler closing...
2023-04-04 17:57:59,489 - distributed.core - INFO - Connection to tcp://10.120.104.11:44592 has been closed.
2023-04-04 17:57:59,489 - distributed.scheduler - INFO - Remove worker <WorkerState 'tcp://10.120.104.11:38343', status: running, memory: 0, processing: 0>
2023-04-04 17:57:59,489 - distributed.core - INFO - Removing comms to tcp://10.120.104.11:38343
2023-04-04 17:57:59,489 - distributed.scheduler - INFO - Lost all workers
2023-04-04 17:57:59,490 - distributed.batched - INFO - Batched Comm Closed <TCP (closed) Scheduler connection to worker local=tcp://10.120.104.11:8786 remote=tcp://10.120.104.11:44592>
Traceback (most recent call last):
  File "/opt/conda/envs/rapids/lib/python3.10/site-packages/distributed/comm/tcp.py", line 317, in write
    raise StreamClosedError()
tornado.iostream.StreamClosedError: Stream is closed

The above exception was the direct cause of the following exception:

Traceback (most recent call last):
  File "/opt/conda/envs/rapids/lib/python3.10/site-packages/distributed/batched.py", line 115, in _background_send
    nbytes = yield coro
  File "/opt/conda/envs/rapids/lib/python3.10/site-packages/tornado/gen.py", line 769, in run
    value = future.result()
  File "/opt/conda/envs/rapids/lib/python3.10/site-packages/distributed/comm/tcp.py", line 328, in write
    convert_stream_closed_error(self, e)
  File "/opt/conda/envs/rapids/lib/python3.10/site-packages/distributed/comm/tcp.py", line 144, in convert_stream_closed_error
    raise CommClosedError(f"in {obj}: {exc}") from exc
distributed.comm.core.CommClosedError: in <TCP (closed) Scheduler connection to worker local=tcp://10.120.104.11:8786 remote=tcp://10.120.104.11:44592>: Stream is closed
2023-04-04 17:57:59,491 - distributed.scheduler - INFO - Scheduler closing all comms
2023-04-04 17:57:59,492 - distributed.scheduler - INFO - Stopped scheduler at 'tcp://10.120.104.11:8786'
2023-04-04 17:57:59,492 - distributed.scheduler - INFO - End scheduler
